2025-12-05T17:59:59.537Z [url] info: [r]: /api/user/getAuth  [u]: quest [ref]: https://rhy.thm.su/demo
2025-12-05T18:02:05.174Z [url] info: [r]: /api/user/getAuth  [u]: quest [ref]: https://rhy.thm.su/demo
2025-12-05T18:02:11.079Z [url] info: [r]: /api/user/getAuth  [u]: YOMgVMdtApPWrlCqtXEv9OngXmc2 [ref]: https://rhy.thm.su/
2025-12-05T18:03:04.715Z [url] info: [r]: /api/user/getAuth  [u]: quest [ref]: https://rhy.thm.su/jOiXJDIY0nJeiIuBMtI4/dashboard/7-administrativnoe
2025-12-05T18:03:05.079Z [url] info: [r]: /api/paramsCompany/get [ci]: jOiXJDIY0nJeiIuBMtI4 [u]: quest [ref]: https://rhy.thm.su/jOiXJDIY0nJeiIuBMtI4/dashboard/7-administrativnoe
2025-12-05T18:03:07.450Z [url] info: [r]: /api/dashboard/bunch/get [ci]: jOiXJDIY0nJeiIuBMtI4 [u]: quest [ref]: https://rhy.thm.su/jOiXJDIY0nJeiIuBMtI4/dashboard/7-administrativnoe
2025-12-05T18:13:37.702Z [url] info: [r]: /api/user/getAuth  [u]: quest [ref]: https://rhy.thm.su/demo
2025-12-05T18:13:51.136Z [url] info: [r]: /api/user/getAuth  [u]: quest [ref]: https://rhy.thm.su/demo
2025-12-05T18:38:39.000Z [url] info: [r]: /api/user/getAuth  [u]: quest [ref]: https://rhy.thm.su/demo
2025-12-05T18:38:50.096Z [url] info: [r]: /api/user/getAuth  [u]: quest [ref]: https://rhy.thm.su/demo
2025-12-05T18:50:20.419Z [url] info: [r]: /api/user/getAuth  [u]: quest [ref]: https://rhy.thm.su/demo
2025-12-05T18:52:06.738Z [url] info: [r]: /api/user/getAuth  [u]: quest [ref]: https://rhy.thm.su/demo
2025-12-05T19:16:54.908Z [url] info: [r]: /api/user/getAuth  [u]: quest [ref]: https://rhy.thm.su/demo
2025-12-05T19:18:22.903Z [url] info: [r]: /api/user/getAuth  [u]: quest [ref]: https://rhy.thm.su/demo
2025-12-07T22:56:20.756Z [url] info: [r]: /api/user/getAuth  [u]: quest [ref]: https://rhy.thm.su/
2025-12-08T07:15:11.148Z [url] info: [r]: /api/user/getAuth  [u]: quest [ref]: 
2025-12-08T07:30:46.803Z [url] info: [r]: /api/user/getAuth  [u]: quest [ref]: https://rhy.thm.su/
2025-12-08T13:56:25.989Z [url] info: [r]: /api/user/getAuth  [u]: quest [ref]: https://rhy.thm.su/demo
2025-12-08T13:56:31.822Z [url] info: [r]: /api/paramsCompany/get [ci]: demoPecarLight_sP4kL [u]: quest [ref]: https://rhy.thm.su/demoPecarLight_sP4kL/dashboard
2025-12-08T13:56:32.781Z [url] info: [r]: /api/getData [ci]: demoPecarLight_sP4kL [u]: quest [ref]: https://rhy.thm.su/demoPecarLight_sP4kL/dashboard
2025-12-08T13:56:32.784Z [url] info: [r]: /api/dashboard/bunch/get [ci]: demoPecarLight_sP4kL [u]: quest [ref]: https://rhy.thm.su/demoPecarLight_sP4kL/dashboard
2025-12-08T13:59:51.829Z [url] info: [r]: /api/paramsCompany/get [ci]: demoPecarColor_JlY5D [u]: quest [ref]: https://rhy.thm.su/demoPecarColor_JlY5D/dashboard
2025-12-08T13:59:52.512Z [url] info: [r]: /api/dashboard/bunch/get [ci]: demoPecarColor_JlY5D [u]: quest [ref]: https://rhy.thm.su/demoPecarColor_JlY5D/dashboard
2025-12-08T23:14:14.875Z [url] info: [r]: /api/user/getAuth  [u]: quest [ref]: 
2025-12-10T04:47:11.217Z [url] info: [r]: /api/user/getAuth  [u]: quest [ref]: https://rhy.thm.su/jOiXJDIY0nJeiIuBMtI4/dashboard
2025-12-10T04:47:11.314Z [url] info: [r]: /api/paramsCompany/get [ci]: jOiXJDIY0nJeiIuBMtI4 [u]: quest [ref]: https://rhy.thm.su/jOiXJDIY0nJeiIuBMtI4/dashboard
2025-12-10T04:47:12.386Z [url] info: [r]: /api/dashboard/bunch/get [ci]: jOiXJDIY0nJeiIuBMtI4 [u]: quest [ref]: https://rhy.thm.su/jOiXJDIY0nJeiIuBMtI4/dashboard
